{"/Users/maddys87/codefellows/401/week3/labs/13-express-mongo/lab-maddy/lib/cors.js": {"path":"/Users/maddys87/codefellows/401/week3/labs/13-express-mongo/lab-maddy/lib/cors.js","statementMap":{"0":{"start":{"line":3,"column":0},"end":{"line":7,"column":2}},"1":{"start":{"line":4,"column":2},"end":{"line":4,"column":49}},"2":{"start":{"line":5,"column":2},"end":{"line":5,"column":50}},"3":{"start":{"line":6,"column":2},"end":{"line":6,"column":9}}},"fnMap":{"0":{"name":"(anonymous_0)","decl":{"start":{"line":3,"column":17},"end":{"line":3,"column":18}},"loc":{"start":{"line":3,"column":42},"end":{"line":7,"column":1}},"line":3}},"branchMap":{},"s":{"0":1,"1":7,"2":7,"3":7},"f":{"0":7},"b":{},"_coverageSchema":"332fd63041d2c1bcb487cc26dd0d5f7d97098a6c","hash":"bda9877156a0d682ac9a201b8fc9934191be19b6"}
,"/Users/maddys87/codefellows/401/week3/labs/13-express-mongo/lab-maddy/lib/error-middleware.js": {"path":"/Users/maddys87/codefellows/401/week3/labs/13-express-mongo/lab-maddy/lib/error-middleware.js","statementMap":{"0":{"start":{"line":3,"column":20},"end":{"line":3,"column":42}},"1":{"start":{"line":4,"column":14},"end":{"line":4,"column":55}},"2":{"start":{"line":6,"column":0},"end":{"line":22,"column":1}},"3":{"start":{"line":7,"column":2},"end":{"line":15,"column":3}},"4":{"start":{"line":8,"column":4},"end":{"line":8,"column":23}},"5":{"start":{"line":9,"column":4},"end":{"line":9,"column":41}},"6":{"start":{"line":13,"column":4},"end":{"line":13,"column":10}},"7":{"start":{"line":14,"column":4},"end":{"line":14,"column":10}},"8":{"start":{"line":17,"column":2},"end":{"line":17,"column":23}},"9":{"start":{"line":18,"column":2},"end":{"line":18,"column":37}},"10":{"start":{"line":19,"column":2},"end":{"line":19,"column":39}},"11":{"start":{"line":20,"column":2},"end":{"line":20,"column":8}}},"fnMap":{"0":{"name":"(anonymous_0)","decl":{"start":{"line":6,"column":17},"end":{"line":6,"column":18}},"loc":{"start":{"line":6,"column":47},"end":{"line":22,"column":1}},"line":6}},"branchMap":{"0":{"loc":{"start":{"line":7,"column":2},"end":{"line":15,"column":3}},"type":"if","locations":[{"start":{"line":7,"column":2},"end":{"line":15,"column":3}},{"start":{"line":7,"column":2},"end":{"line":15,"column":3}}],"line":7}},"s":{"0":1,"1":1,"2":1,"3":2,"4":0,"5":0,"6":0,"7":0,"8":2,"9":2,"10":2,"11":2},"f":{"0":2},"b":{"0":[0,2]},"_coverageSchema":"332fd63041d2c1bcb487cc26dd0d5f7d97098a6c","hash":"45451df5729d593db8ef89e2486dfb520fb908f6"}
,"/Users/maddys87/codefellows/401/week3/labs/13-express-mongo/lab-maddy/lib/server.js": {"path":"/Users/maddys87/codefellows/401/week3/labs/13-express-mongo/lab-maddy/lib/server.js","statementMap":{"0":{"start":{"line":3,"column":14},"end":{"line":3,"column":45}},"1":{"start":{"line":6,"column":16},"end":{"line":6,"column":34}},"2":{"start":{"line":7,"column":15},"end":{"line":7,"column":31}},"3":{"start":{"line":8,"column":12},"end":{"line":8,"column":21}},"4":{"start":{"line":11,"column":17},"end":{"line":11,"column":36}},"5":{"start":{"line":12,"column":20},"end":{"line":12,"column":76}},"6":{"start":{"line":13,"column":0},"end":{"line":13,"column":38}},"7":{"start":{"line":14,"column":0},"end":{"line":14,"column":53}},"8":{"start":{"line":17,"column":19},"end":{"line":17,"column":48}},"9":{"start":{"line":18,"column":13},"end":{"line":18,"column":30}},"10":{"start":{"line":19,"column":24},"end":{"line":19,"column":53}},"11":{"start":{"line":22,"column":0},"end":{"line":22,"column":37}},"12":{"start":{"line":27,"column":0},"end":{"line":27,"column":19}},"13":{"start":{"line":28,"column":0},"end":{"line":28,"column":13}},"14":{"start":{"line":29,"column":0},"end":{"line":29,"column":15}},"15":{"start":{"line":31,"column":0},"end":{"line":31,"column":24}},"16":{"start":{"line":33,"column":0},"end":{"line":33,"column":48}},"17":{"start":{"line":33,"column":28},"end":{"line":33,"column":47}},"18":{"start":{"line":35,"column":0},"end":{"line":35,"column":20}}},"fnMap":{"0":{"name":"(anonymous_0)","decl":{"start":{"line":33,"column":14},"end":{"line":33,"column":15}},"loc":{"start":{"line":33,"column":28},"end":{"line":33,"column":47}},"line":33}},"branchMap":{"0":{"loc":{"start":{"line":12,"column":20},"end":{"line":12,"column":76}},"type":"binary-expr","locations":[{"start":{"line":12,"column":20},"end":{"line":12,"column":43}},{"start":{"line":12,"column":47},"end":{"line":12,"column":76}}],"line":12}},"s":{"0":1,"1":1,"2":1,"3":1,"4":1,"5":1,"6":1,"7":1,"8":1,"9":1,"10":1,"11":1,"12":1,"13":1,"14":1,"15":1,"16":1,"17":4,"18":1},"f":{"0":4},"b":{"0":[1,1]},"_coverageSchema":"332fd63041d2c1bcb487cc26dd0d5f7d97098a6c","hash":"31aa9ef0ad93c4f03ca38061a2c85548018b6d1a"}
,"/Users/maddys87/codefellows/401/week3/labs/13-express-mongo/lab-maddy/model/toy.js": {"path":"/Users/maddys87/codefellows/401/week3/labs/13-express-mongo/lab-maddy/model/toy.js","statementMap":{"0":{"start":{"line":3,"column":14},"end":{"line":3,"column":48}},"1":{"start":{"line":4,"column":17},"end":{"line":4,"column":36}},"2":{"start":{"line":6,"column":12},"end":{"line":9,"column":22}},"3":{"start":{"line":11,"column":0},"end":{"line":11,"column":44}}},"fnMap":{},"branchMap":{},"s":{"0":1,"1":1,"2":1,"3":1},"f":{},"b":{},"_coverageSchema":"332fd63041d2c1bcb487cc26dd0d5f7d97098a6c","hash":"bf7d0eb129cfd0160dc66276e71002caa002647c"}
,"/Users/maddys87/codefellows/401/week3/labs/13-express-mongo/lab-maddy/route/route-toy.js": {"path":"/Users/maddys87/codefellows/401/week3/labs/13-express-mongo/lab-maddy/route/route-toy.js","statementMap":{"0":{"start":{"line":3,"column":12},"end":{"line":3,"column":35}},"1":{"start":{"line":4,"column":14},"end":{"line":4,"column":48}},"2":{"start":{"line":6,"column":0},"end":{"line":47,"column":2}},"3":{"start":{"line":7,"column":2},"end":{"line":13,"column":5}},"4":{"start":{"line":8,"column":4},"end":{"line":8,"column":27}},"5":{"start":{"line":10,"column":4},"end":{"line":12,"column":31}},"6":{"start":{"line":11,"column":19},"end":{"line":11,"column":44}},"7":{"start":{"line":12,"column":20},"end":{"line":12,"column":29}},"8":{"start":{"line":15,"column":2},"end":{"line":21,"column":5}},"9":{"start":{"line":16,"column":4},"end":{"line":16,"column":31}},"10":{"start":{"line":18,"column":4},"end":{"line":20,"column":19}},"11":{"start":{"line":19,"column":19},"end":{"line":19,"column":52}},"12":{"start":{"line":19,"column":43},"end":{"line":19,"column":50}},"13":{"start":{"line":23,"column":2},"end":{"line":28,"column":5}},"14":{"start":{"line":24,"column":4},"end":{"line":24,"column":26}},"15":{"start":{"line":25,"column":4},"end":{"line":27,"column":18}},"16":{"start":{"line":26,"column":20},"end":{"line":26,"column":54}},"17":{"start":{"line":26,"column":45},"end":{"line":26,"column":52}},"18":{"start":{"line":31,"column":2},"end":{"line":38,"column":5}},"19":{"start":{"line":32,"column":4},"end":{"line":32,"column":26}},"20":{"start":{"line":34,"column":4},"end":{"line":37,"column":19}},"21":{"start":{"line":36,"column":21},"end":{"line":36,"column":40}},"22":{"start":{"line":40,"column":2},"end":{"line":46,"column":5}},"23":{"start":{"line":41,"column":4},"end":{"line":41,"column":29}},"24":{"start":{"line":43,"column":4},"end":{"line":45,"column":19}},"25":{"start":{"line":44,"column":18},"end":{"line":44,"column":37}}},"fnMap":{"0":{"name":"(anonymous_0)","decl":{"start":{"line":6,"column":17},"end":{"line":6,"column":18}},"loc":{"start":{"line":6,"column":34},"end":{"line":47,"column":1}},"line":6},"1":{"name":"(anonymous_1)","decl":{"start":{"line":7,"column":26},"end":{"line":7,"column":27}},"loc":{"start":{"line":7,"column":46},"end":{"line":13,"column":3}},"line":7},"2":{"name":"(anonymous_2)","decl":{"start":{"line":11,"column":12},"end":{"line":11,"column":13}},"loc":{"start":{"line":11,"column":19},"end":{"line":11,"column":44}},"line":11},"3":{"name":"(anonymous_3)","decl":{"start":{"line":12,"column":13},"end":{"line":12,"column":14}},"loc":{"start":{"line":12,"column":20},"end":{"line":12,"column":29}},"line":12},"4":{"name":"(anonymous_4)","decl":{"start":{"line":15,"column":30},"end":{"line":15,"column":31}},"loc":{"start":{"line":15,"column":50},"end":{"line":21,"column":3}},"line":15},"5":{"name":"(anonymous_5)","decl":{"start":{"line":19,"column":12},"end":{"line":19,"column":13}},"loc":{"start":{"line":19,"column":19},"end":{"line":19,"column":52}},"line":19},"6":{"name":"(anonymous_6)","decl":{"start":{"line":19,"column":36},"end":{"line":19,"column":37}},"loc":{"start":{"line":19,"column":43},"end":{"line":19,"column":50}},"line":19},"7":{"name":"(anonymous_7)","decl":{"start":{"line":23,"column":25},"end":{"line":23,"column":26}},"loc":{"start":{"line":23,"column":45},"end":{"line":28,"column":3}},"line":23},"8":{"name":"(anonymous_8)","decl":{"start":{"line":26,"column":12},"end":{"line":26,"column":13}},"loc":{"start":{"line":26,"column":20},"end":{"line":26,"column":54}},"line":26},"9":{"name":"(anonymous_9)","decl":{"start":{"line":26,"column":38},"end":{"line":26,"column":39}},"loc":{"start":{"line":26,"column":45},"end":{"line":26,"column":52}},"line":26},"10":{"name":"(anonymous_10)","decl":{"start":{"line":31,"column":30},"end":{"line":31,"column":31}},"loc":{"start":{"line":31,"column":50},"end":{"line":38,"column":3}},"line":31},"11":{"name":"(anonymous_11)","decl":{"start":{"line":36,"column":12},"end":{"line":36,"column":13}},"loc":{"start":{"line":36,"column":21},"end":{"line":36,"column":40}},"line":36},"12":{"name":"(anonymous_12)","decl":{"start":{"line":40,"column":29},"end":{"line":40,"column":30}},"loc":{"start":{"line":40,"column":49},"end":{"line":46,"column":3}},"line":40},"13":{"name":"(anonymous_13)","decl":{"start":{"line":44,"column":12},"end":{"line":44,"column":13}},"loc":{"start":{"line":44,"column":18},"end":{"line":44,"column":37}},"line":44}},"branchMap":{},"s":{"0":1,"1":1,"2":1,"3":1,"4":3,"5":3,"6":2,"7":1,"8":1,"9":1,"10":1,"11":1,"12":0,"13":1,"14":0,"15":0,"16":0,"17":0,"18":1,"19":1,"20":1,"21":1,"22":1,"23":0,"24":0,"25":0},"f":{"0":1,"1":3,"2":2,"3":1,"4":1,"5":1,"6":0,"7":0,"8":0,"9":0,"10":1,"11":1,"12":0,"13":0},"b":{},"_coverageSchema":"332fd63041d2c1bcb487cc26dd0d5f7d97098a6c","hash":"9125878b81ca6c76b30789a0ad8d6935913bf9cb"}
}
