TN:
SF:/Users/maddys87/codefellows/401/week3/labs/13-express-mongo/lab-maddy/lib/cors.js
FN:3,(anonymous_0)
FNF:1
FNH:1
FNDA:7,(anonymous_0)
DA:3,1
DA:4,7
DA:5,7
DA:6,7
LF:4
LH:4
BRF:0
BRH:0
end_of_record
TN:
SF:/Users/maddys87/codefellows/401/week3/labs/13-express-mongo/lab-maddy/lib/error-middleware.js
FN:6,(anonymous_0)
FNF:1
FNH:1
FNDA:2,(anonymous_0)
DA:3,1
DA:4,1
DA:6,1
DA:7,2
DA:8,0
DA:9,0
DA:13,0
DA:14,0
DA:17,2
DA:18,2
DA:19,2
DA:20,2
LF:12
LH:8
BRDA:7,0,0,0
BRDA:7,0,1,2
BRF:2
BRH:1
end_of_record
TN:
SF:/Users/maddys87/codefellows/401/week3/labs/13-express-mongo/lab-maddy/lib/server.js
FN:33,(anonymous_0)
FNF:1
FNH:1
FNDA:4,(anonymous_0)
DA:3,1
DA:6,1
DA:7,1
DA:8,1
DA:11,1
DA:12,1
DA:13,1
DA:14,1
DA:17,1
DA:18,1
DA:19,1
DA:22,1
DA:27,1
DA:28,1
DA:29,1
DA:31,1
DA:33,4
DA:35,1
LF:18
LH:18
BRDA:12,0,0,1
BRDA:12,0,1,1
BRF:2
BRH:2
end_of_record
TN:
SF:/Users/maddys87/codefellows/401/week3/labs/13-express-mongo/lab-maddy/model/toy.js
FNF:0
FNH:0
DA:3,1
DA:4,1
DA:6,1
DA:11,1
LF:4
LH:4
BRF:0
BRH:0
end_of_record
TN:
SF:/Users/maddys87/codefellows/401/week3/labs/13-express-mongo/lab-maddy/route/route-toy.js
FN:6,(anonymous_0)
FN:7,(anonymous_1)
FN:11,(anonymous_2)
FN:12,(anonymous_3)
FN:15,(anonymous_4)
FN:19,(anonymous_5)
FN:19,(anonymous_6)
FN:23,(anonymous_7)
FN:26,(anonymous_8)
FN:26,(anonymous_9)
FN:31,(anonymous_10)
FN:36,(anonymous_11)
FN:40,(anonymous_12)
FN:44,(anonymous_13)
FNF:14
FNH:8
FNDA:1,(anonymous_0)
FNDA:3,(anonymous_1)
FNDA:2,(anonymous_2)
FNDA:1,(anonymous_3)
FNDA:1,(anonymous_4)
FNDA:1,(anonymous_5)
FNDA:0,(anonymous_6)
FNDA:0,(anonymous_7)
FNDA:0,(anonymous_8)
FNDA:0,(anonymous_9)
FNDA:1,(anonymous_10)
FNDA:1,(anonymous_11)
FNDA:0,(anonymous_12)
FNDA:0,(anonymous_13)
DA:3,1
DA:4,1
DA:6,1
DA:7,1
DA:8,3
DA:10,3
DA:11,2
DA:12,1
DA:15,1
DA:16,1
DA:18,1
DA:19,1
DA:23,1
DA:24,0
DA:25,0
DA:26,0
DA:31,1
DA:32,1
DA:34,1
DA:36,1
DA:40,1
DA:41,0
DA:43,0
DA:44,0
LF:24
LH:18
BRF:0
BRH:0
end_of_record
